<?xml version="1.0" encoding="UTF-8"?>
<!-- Generated by org.testng.reporters.JUnitReportReporter -->
<testsuite hostname="DESKTOP-39OTAGC" failures="0" tests="1" name="mvnproject.Sample" time="27.149" errors="0" timestamp="2021-09-24T18:16:41 IST" skipped="0">
  <testcase classname="mvnproject.Sample" name="mavenTwo" time="27.149"/>
  <system-out/>
</testsuite> <!-- mvnproject.Sample -->
