<?xml version="1.0" encoding="UTF-8"?>
<!-- Generated by org.testng.reporters.JUnitReportReporter -->
<testsuite hostname="DESKTOP-39OTAGC" failures="0" tests="1" name="mvnproject.Demo" time="6.189" errors="0" timestamp="2021-09-24T18:16:41 IST" skipped="0">
  <testcase classname="mvnproject.Demo" name="mavenOne" time="6.189"/>
  <system-out/>
</testsuite> <!-- mvnproject.Demo -->
