<?xml version="1.0" encoding="UTF-8"?>
<!-- Generated by org.testng.reporters.JUnitReportReporter -->
<testsuite skipped="0" hostname="DESKTOP-39OTAGC" name="mvnproject.Demo" tests="1" failures="0" timestamp="2021-09-28T16:23:17 IST" time="8.661" errors="0">
  <testcase name="mavenOne" time="8.661" classname="mvnproject.Demo"/>
  <system-out/>
</testsuite> <!-- mvnproject.Demo -->
