<?xml version="1.0" encoding="UTF-8"?>
<!-- Generated by org.testng.reporters.JUnitReportReporter -->
<testsuite hostname="DESKTOP-39OTAGC" failures="0" tests="1" name="mvnproject.DemoTest" time="7.534" errors="0" timestamp="2021-09-24T17:39:57 IST" skipped="0">
  <testcase classname="mvnproject.DemoTest" name="mavenOne" time="7.534"/>
  <system-out/>
</testsuite> <!-- mvnproject.DemoTest -->
