<?xml version="1.0" encoding="UTF-8"?>
<!-- Generated by org.testng.reporters.JUnitReportReporter -->
<testsuite skipped="0" hostname="DESKTOP-39OTAGC" name="mvnproject.Sample" tests="1" failures="0" timestamp="2021-09-28T16:23:17 IST" time="13.153" errors="0">
  <testcase name="mavenTwo" time="13.153" classname="mvnproject.Sample"/>
  <system-out/>
</testsuite> <!-- mvnproject.Sample -->
